1 9
2 9
3 12
4 13
5 11
6 10
7 10
8 10
9 11
10 11
11 11
12 9
13 9
14 11
15 9
16 9
17 13
18 12
19 12
20 12
21 12
22 12
23 12
24 12
25 12
26 12
27 11
28 13
29 13
30 10
31 10
32 9
33 11
34 10
35 9
36 10
37 10
38 12
39 10
40 10
41 10
42 11
43 10
44 10
45 10
46 10
47 10
48 10
49 13
50 9
51 9
52 10
53 10
54 11
55 10
56 11
57 11
58 11
59 9
60 9
61 9
62 10
63 9
64 9
65 9
66 9
67 9
68 11
69 11
70 11
71 7
72 8
73 12
74 12
75 12
76 12
77 6
78 6
79 6
80 6
81 5
82 5
83 6
84 6
85 6
86 7
87 7
88 7
89 7
90 7
91 7
92 7
93 7
94 7
95 8
96 8
97 4
98 6
99 6
100 8
101 6
102 6
103 7
104 7
105 3
106 3
107 5
108 5
109 6
110 6
111 6
112 2
113 2
114 2
115 2
116 2
117 2
118 2
119 2
120 4
121 4
122 4
123 4
124 4
125 4
126 4
127 4
128 4
129 4
130 5
131 4
132 3
133 3
134 2
135 13
136 2
137 1
138 1
139 1
